<?xml version="1.0" encoding="UTF-8"?>
<testng-results skipped="0" failed="0" total="1" passed="1">
  <reporter-output>
  </reporter-output>
  <suite name="test suite" duration-ms="22060" started-at="2020-04-24T10:19:50Z" finished-at="2020-04-24T10:20:12Z">
    <groups>
      <group name="cucumber">
        <method signature="AbstractTestNGCucumberTests.runScenario(cucumber.api.testng.PickleEventWrapper, cucumber.api.testng.CucumberFeatureWrapper)[pri:0, instance:skeleton.runner@58ceff1]" name="runScenario" class="cucumber.api.testng.AbstractTestNGCucumberTests"/>
      </group> <!-- cucumber -->
    </groups>
    <test name="test" duration-ms="22060" started-at="2020-04-24T10:19:50Z" finished-at="2020-04-24T10:20:12Z">
      <class name="skeleton.runner">
        <test-method status="PASS" signature="setUpClass()[pri:0, instance:skeleton.runner@58ceff1]" name="setUpClass" is-config="true" duration-ms="222" started-at="2020-04-24T15:49:50Z" finished-at="2020-04-24T15:49:50Z">
          <reporter-output>
          </reporter-output>
        </test-method> <!-- setUpClass -->
        <test-method status="PASS" signature="runScenario(cucumber.api.testng.PickleEventWrapper, cucumber.api.testng.CucumberFeatureWrapper)[pri:0, instance:skeleton.runner@58ceff1]" name="runScenario" duration-ms="21644" started-at="2020-04-24T15:49:50Z" description="Runs Cucumber Scenarios" data-provider="scenarios" finished-at="2020-04-24T15:50:12Z">
          <params>
            <param index="0">
              <value>
                <![CDATA["Login with test data"]]>
              </value>
            </param>
            <param index="1">
              <value>
                <![CDATA["login test"]]>
              </value>
            </param>
          </params>
          <reporter-output>
          </reporter-output>
        </test-method> <!-- runScenario -->
        <test-method status="PASS" signature="tearDownClass()[pri:0, instance:skeleton.runner@58ceff1]" name="tearDownClass" is-config="true" duration-ms="134" started-at="2020-04-24T15:50:12Z" finished-at="2020-04-24T15:50:12Z">
          <reporter-output>
          </reporter-output>
        </test-method> <!-- tearDownClass -->
      </class> <!-- skeleton.runner -->
    </test> <!-- test -->
  </suite> <!-- test suite -->
</testng-results>
